  ANTLRUtil.cpp
c1xx : fatal error C1083: Cannot open source file: 'src\ANTLRUtil.cpp': No such file or directory
  Generating Code...
  Compiling...
  ASTFactory.cpp
c1xx : fatal error C1083: Cannot open source file: 'src\ASTFactory.cpp': No such file or directory
  Generating Code...
  Compiling...
  ASTNULLType.cpp
c1xx : fatal error C1083: Cannot open source file: 'src\ASTNULLType.cpp': No such file or directory
  Generating Code...
  Compiling...
  ASTRefCount.cpp
c1xx : fatal error C1083: Cannot open source file: 'src\ASTRefCount.cpp': No such file or directory
  Generating Code...
  Compiling...
  BaseAST.cpp
c1xx : fatal error C1083: Cannot open source file: 'src\BaseAST.cpp': No such file or directory
  Generating Code...
  Compiling...
  BitSet.cpp
c1xx : fatal error C1083: Cannot open source file: 'src\BitSet.cpp': No such file or directory
  Generating Code...
  Compiling...
  CharBuffer.cpp
c1xx : fatal error C1083: Cannot open source file: 'src\CharBuffer.cpp': No such file or directory
  Generating Code...
  Compiling...
  CharScanner.cpp
c1xx : fatal error C1083: Cannot open source file: 'src\CharScanner.cpp': No such file or directory
  Generating Code...
  Compiling...
  CommonAST.cpp
c1xx : fatal error C1083: Cannot open source file: 'src\CommonAST.cpp': No such file or directory
  Generating Code...
  Compiling...
  CommonASTWithHiddenTokens.cpp
c1xx : fatal error C1083: Cannot open source file: 'src\CommonASTWithHiddenTokens.cpp': No such file or directory
  Generating Code...
  Compiling...
  CommonHiddenStreamToken.cpp
c1xx : fatal error C1083: Cannot open source file: 'src\CommonHiddenStreamToken.cpp': No such file or directory
  Generating Code...
  Compiling...
  CommonToken.cpp
c1xx : fatal error C1083: Cannot open source file: 'src\CommonToken.cpp': No such file or directory
  Generating Code...
  Compiling...
  InputBuffer.cpp
c1xx : fatal error C1083: Cannot open source file: 'src\InputBuffer.cpp': No such file or directory
  Generating Code...
  Compiling...
  LLkParser.cpp
c1xx : fatal error C1083: Cannot open source file: 'src\LLkParser.cpp': No such file or directory
  Generating Code...
  Compiling...
  MismatchedCharException.cpp
c1xx : fatal error C1083: Cannot open source file: 'src\MismatchedCharException.cpp': No such file or directory
  Generating Code...
  Compiling...
  MismatchedTokenException.cpp
c1xx : fatal error C1083: Cannot open source file: 'src\MismatchedTokenException.cpp': No such file or directory
  Generating Code...
  Compiling...
  NoViableAltException.cpp
c1xx : fatal error C1083: Cannot open source file: 'src\NoViableAltException.cpp': No such file or directory
  Generating Code...
  Compiling...
  NoViableAltForCharException.cpp
c1xx : fatal error C1083: Cannot open source file: 'src\NoViableAltForCharException.cpp': No such file or directory
  Generating Code...
  Compiling...
  Parser.cpp
c1xx : fatal error C1083: Cannot open source file: 'src\Parser.cpp': No such file or directory
  Generating Code...
  Compiling...
  RecognitionException.cpp
c1xx : fatal error C1083: Cannot open source file: 'src\RecognitionException.cpp': No such file or directory
  Generating Code...
  Compiling...
  String.cpp
c1xx : fatal error C1083: Cannot open source file: 'src\String.cpp': No such file or directory
  Generating Code...
  Compiling...
  Token.cpp
c1xx : fatal error C1083: Cannot open source file: 'src\Token.cpp': No such file or directory
  Generating Code...
  Compiling...
  TokenBuffer.cpp
c1xx : fatal error C1083: Cannot open source file: 'src\TokenBuffer.cpp': No such file or directory
  Generating Code...
  Compiling...
  TokenRefCount.cpp
c1xx : fatal error C1083: Cannot open source file: 'src\TokenRefCount.cpp': No such file or directory
  Generating Code...
  Compiling...
  TokenStreamBasicFilter.cpp
c1xx : fatal error C1083: Cannot open source file: 'src\TokenStreamBasicFilter.cpp': No such file or directory
  Generating Code...
  Compiling...
  TokenStreamHiddenTokenFilter.cpp
c1xx : fatal error C1083: Cannot open source file: 'src\TokenStreamHiddenTokenFilter.cpp': No such file or directory
  Generating Code...
  Compiling...
  TokenStreamRewriteEngine.cpp
c1xx : fatal error C1083: Cannot open source file: 'src\TokenStreamRewriteEngine.cpp': No such file or directory
  Generating Code...
  Compiling...
  TokenStreamSelector.cpp
c1xx : fatal error C1083: Cannot open source file: 'src\TokenStreamSelector.cpp': No such file or directory
  Generating Code...
  Compiling...
  TreeParser.cpp
c1xx : fatal error C1083: Cannot open source file: 'src\TreeParser.cpp': No such file or directory
  Generating Code...
